<?xml version="1.0" encoding="UTF-8"?>
<testng-results skipped="0" failed="0" total="2" passed="2">
  <reporter-output>
  </reporter-output>
  <suite name="Suite" duration-ms="125" started-at="2014-11-18T11:06:08Z" finished-at="2014-11-18T11:06:08Z">
    <groups>
    </groups>
    <test name="chrometest" duration-ms="47" started-at="2014-11-18T11:06:08Z" finished-at="2014-11-18T11:06:08Z">
      <class name="Browser.Browser.ScreenTest">
        <test-method status="PASS" signature="f(java.lang.String)[pri:0, instance:Browser.Browser.ScreenTest@16b13c7]" name="f" duration-ms="16" started-at="2014-11-18T16:36:08Z" finished-at="2014-11-18T16:36:08Z">
          <params>
            <param index="0">
              <value>
                <![CDATA[f1]]>
              </value>
            </param>
          </params>
          <reporter-output>
          </reporter-output>
        </test-method> <!-- f -->
      </class> <!-- Browser.Browser.ScreenTest -->
    </test> <!-- chrometest -->
    <test name="FireFox" duration-ms="0" started-at="2014-11-18T11:06:08Z" finished-at="2014-11-18T11:06:08Z">
      <class name="Browser.Browser.ScreenTest">
        <test-method status="PASS" signature="f(java.lang.String)[pri:0, instance:Browser.Browser.ScreenTest@1cdeff]" name="f" duration-ms="0" started-at="2014-11-18T16:36:08Z" finished-at="2014-11-18T16:36:08Z">
          <params>
            <param index="0">
              <value>
                <![CDATA[f1]]>
              </value>
            </param>
          </params>
          <reporter-output>
          </reporter-output>
        </test-method> <!-- f -->
      </class> <!-- Browser.Browser.ScreenTest -->
    </test> <!-- FireFox -->
  </suite> <!-- Suite -->
</testng-results>
