<?xml version="1.0" encoding="UTF-8"?>
<!-- Generated by org.testng.reporters.JUnitXMLReporter -->
<testsuite hostname="admin-PC" name="FireFoxTest" tests="1" failures="1" timestamp="24 Oct 2014 19:44:29 GMT" time="81.736" errors="0">
  <testcase name="f" time="81.505" classname="Browser.Chrome">
    <failure type="org.openqa.selenium.WebDriverException" message="Failed to connect to binary FirefoxBinary(C:\Program Files\Mozilla Firefox\firefox.exe) on port 7055; process output follows: 
ddons&amp;quot;:{&amp;quot;wrc@avast.com&amp;quot;:{&amp;quot;descriptor&amp;quot;:&amp;quot;C:\\Program Files\\AVAST Software\\Avast\\WebRep\\FF&amp;quot;,&amp;quot;mtime&amp;quot;:1411625291506,&amp;quot;rdfTime&amp;quot;:1411625287933}}},{&amp;quot;name&amp;quot;:&amp;quot;app-global&amp;quot;,&amp;quot;addons&amp;quot;:{&amp;quot;{972ce4c6-7e08-4474-a285-3208198ce6fd}&amp;quot;:{&amp;quot;descriptor&amp;quot;:&amp;quot;C:\\Program Files\\Mozilla Firefox\\browser\\extensions\\{972ce4c6-7e08-4474-a285-3208198ce6fd}&amp;quot;,&amp;quot;mtime&amp;quot;:1411646779820,&amp;quot;rdfTime&amp;quot;:1411646778399}}},{&amp;quot;name&amp;quot;:&amp;quot;app-profile&amp;quot;,&amp;quot;addons&amp;quot;:{&amp;quot;fxdriver@googlecode.com&amp;quot;:{&amp;quot;descriptor&amp;quot;:&amp;quot;C:\\Users\\admin\\AppData\\Local\\Temp\\anonymous4187webdriver-profile\\extensions\\fxdriver@googlecode.com&amp;quot;,&amp;quot;mtime&amp;quot;:1414179807837,&amp;quot;rdfTime&amp;quot;:1414179805128}}}]
1414179817447	addons.xpi-utils	DEBUG	Opening XPI database C:\Users\admin\AppData\Local\Temp\anonymous4187webdriver-profile\extensions.json
1414179817453	addons.xpi	DEBUG	New add-on fxdriver@googlecode.com installed in app-profile
*** Blocklist::_loadBlocklistFromFile: blocklist is disabled
1414179818040	addons.xpi-utils	DEBUG	Make addon app-profile:fxdriver@googlecode.com visible
1414179818042	DeferredSave.extensions.json	DEBUG	Save changes
1414179818043	DeferredSave.extensions.json	DEBUG	Save changes
1414179818043	addons.xpi	DEBUG	New add-on {972ce4c6-7e08-4474-a285-3208198ce6fd} installed in app-global
1414179818060	addons.xpi-utils	DEBUG	Make addon app-global:{972ce4c6-7e08-4474-a285-3208198ce6fd} visible
1414179818060	DeferredSave.extensions.json	DEBUG	Save changes
1414179818060	DeferredSave.extensions.json	DEBUG	Save changes
1414179818060	addons.xpi	DEBUG	New add-on wrc@avast.com installed in winreg-app-global
1414179818317	addons.xpi-utils	DEBUG	Make addon winreg-app-global:wrc@avast.com visible
1414179818318	DeferredSave.extensions.json	DEBUG	Save changes
1414179818318	DeferredSave.extensions.json	DEBUG	Save changes
1414179818510	addons.xpi	DEBUG	Updating database with changes to installed add-ons
1414179818510	addons.xpi-utils	DEBUG	Updating add-on states
1414179818512	addons.xpi-utils	DEBUG	Writing add-ons list
1414179822362	DeferredSave.extensions.json	DEBUG	Starting timer
1414179822608	DeferredSave.extensions.json	DEBUG	Starting write
1414179822756	addons.manager	DEBUG	shutdown
1414179822892	addons.xpi	DEBUG	shutdown
1414179822893	addons.xpi-utils	DEBUG	shutdown
1414179823107	DeferredSave.extensions.json	DEBUG	Write succeeded
1414179823108	addons.xpi-utils	DEBUG	XPI Database saved, setting schema version preference to 16
1414179823108	addons.xpi	DEBUG	Notifying XPI shutdown observers
1414179823117	addons.manager	DEBUG	Async provider shutdown done
1414179828721	addons.manager	DEBUG	Loaded provider scope for resource://gre/modules/addons/XPIProvider.jsm: [&amp;quot;XPIProvider&amp;quot;]
1414179828725	addons.manager	DEBUG	Loaded provider scope for resource://gre/modules/LightweightThemeManager.jsm: [&amp;quot;LightweightThemeManager&amp;quot;]
1414179828735	addons.xpi	DEBUG	startup
1414179828736	addons.xpi	INFO	Mapping wrc@avast.com to C:\Program Files\AVAST Software\Avast\WebRep\FF
1414179828738	addons.xpi	DEBUG	Skipping unavailable install location app-system-local
1414179828738	addons.xpi	DEBUG	Skipping unavailable install location app-system-share
1414179828750	addons.xpi	INFO	Mapping {972ce4c6-7e08-4474-a285-3208198ce6fd} to C:\Program Files\Mozilla Firefox\browser\extensions\{972ce4c6-7e08-4474-a285-3208198ce6fd}
1414179828755	addons.xpi	INFO	Mapping fxdriver@googlecode.com to C:\Users\admin\AppData\Local\Temp\anonymous4187webdriver-profile\extensions\fxdriver@googlecode.com
1414179828756	addons.xpi	DEBUG	Ignoring file entry whose name is not a valid add-on ID: C:\Users\admin\AppData\Local\Temp\anonymous4187webdriver-profile\extensions\webdriver-staging
1414179828756	addons.xpi	DEBUG	checkForChanges
1414179829036	addons.xpi	DEBUG	No changes found
*** Blocklist::_preloadBlocklistFile: blocklist is disabled
JavaScript error: chrome://browser/content/urlbarBindings.xml, line 677: aUrl is undefined
1414179867838	addons.manager	DEBUG	shutdown
1414179867844	addons.xpi	DEBUG	shutdown
1414179867844	addons.xpi	DEBUG	Notifying XPI shutdown observers
1414179867855	addons.manager	DEBUG	Async provider shutdown done

Build info: version: &amp;apos;2.34.0&amp;apos;, revision: &amp;apos;11cd0ef&amp;apos;, time: &amp;apos;2013-08-06 17:10:22&amp;apos;
System info: os.name: &amp;apos;Windows Vista&amp;apos;, os.arch: &amp;apos;x86&amp;apos;, os.version: &amp;apos;6.1&amp;apos;, java.version: &amp;apos;1.6.0_04&amp;apos;
Driver info: driver.version: FirefoxDriver">
      <![CDATA[org.openqa.selenium.WebDriverException: Failed to connect to binary FirefoxBinary(C:\Program Files\Mozilla Firefox\firefox.exe) on port 7055; process output follows: 
ddons":{"wrc@avast.com":{"descriptor":"C:\\Program Files\\AVAST Software\\Avast\\WebRep\\FF","mtime":1411625291506,"rdfTime":1411625287933}}},{"name":"app-global","addons":{"{972ce4c6-7e08-4474-a285-3208198ce6fd}":{"descriptor":"C:\\Program Files\\Mozilla Firefox\\browser\\extensions\\{972ce4c6-7e08-4474-a285-3208198ce6fd}","mtime":1411646779820,"rdfTime":1411646778399}}},{"name":"app-profile","addons":{"fxdriver@googlecode.com":{"descriptor":"C:\\Users\\admin\\AppData\\Local\\Temp\\anonymous4187webdriver-profile\\extensions\\fxdriver@googlecode.com","mtime":1414179807837,"rdfTime":1414179805128}}}]
1414179817447	addons.xpi-utils	DEBUG	Opening XPI database C:\Users\admin\AppData\Local\Temp\anonymous4187webdriver-profile\extensions.json
1414179817453	addons.xpi	DEBUG	New add-on fxdriver@googlecode.com installed in app-profile
*** Blocklist::_loadBlocklistFromFile: blocklist is disabled
1414179818040	addons.xpi-utils	DEBUG	Make addon app-profile:fxdriver@googlecode.com visible
1414179818042	DeferredSave.extensions.json	DEBUG	Save changes
1414179818043	DeferredSave.extensions.json	DEBUG	Save changes
1414179818043	addons.xpi	DEBUG	New add-on {972ce4c6-7e08-4474-a285-3208198ce6fd} installed in app-global
1414179818060	addons.xpi-utils	DEBUG	Make addon app-global:{972ce4c6-7e08-4474-a285-3208198ce6fd} visible
1414179818060	DeferredSave.extensions.json	DEBUG	Save changes
1414179818060	DeferredSave.extensions.json	DEBUG	Save changes
1414179818060	addons.xpi	DEBUG	New add-on wrc@avast.com installed in winreg-app-global
1414179818317	addons.xpi-utils	DEBUG	Make addon winreg-app-global:wrc@avast.com visible
1414179818318	DeferredSave.extensions.json	DEBUG	Save changes
1414179818318	DeferredSave.extensions.json	DEBUG	Save changes
1414179818510	addons.xpi	DEBUG	Updating database with changes to installed add-ons
1414179818510	addons.xpi-utils	DEBUG	Updating add-on states
1414179818512	addons.xpi-utils	DEBUG	Writing add-ons list
1414179822362	DeferredSave.extensions.json	DEBUG	Starting timer
1414179822608	DeferredSave.extensions.json	DEBUG	Starting write
1414179822756	addons.manager	DEBUG	shutdown
1414179822892	addons.xpi	DEBUG	shutdown
1414179822893	addons.xpi-utils	DEBUG	shutdown
1414179823107	DeferredSave.extensions.json	DEBUG	Write succeeded
1414179823108	addons.xpi-utils	DEBUG	XPI Database saved, setting schema version preference to 16
1414179823108	addons.xpi	DEBUG	Notifying XPI shutdown observers
1414179823117	addons.manager	DEBUG	Async provider shutdown done
1414179828721	addons.manager	DEBUG	Loaded provider scope for resource://gre/modules/addons/XPIProvider.jsm: ["XPIProvider"]
1414179828725	addons.manager	DEBUG	Loaded provider scope for resource://gre/modules/LightweightThemeManager.jsm: ["LightweightThemeManager"]
1414179828735	addons.xpi	DEBUG	startup
1414179828736	addons.xpi	INFO	Mapping wrc@avast.com to C:\Program Files\AVAST Software\Avast\WebRep\FF
1414179828738	addons.xpi	DEBUG	Skipping unavailable install location app-system-local
1414179828738	addons.xpi	DEBUG	Skipping unavailable install location app-system-share
1414179828750	addons.xpi	INFO	Mapping {972ce4c6-7e08-4474-a285-3208198ce6fd} to C:\Program Files\Mozilla Firefox\browser\extensions\{972ce4c6-7e08-4474-a285-3208198ce6fd}
1414179828755	addons.xpi	INFO	Mapping fxdriver@googlecode.com to C:\Users\admin\AppData\Local\Temp\anonymous4187webdriver-profile\extensions\fxdriver@googlecode.com
1414179828756	addons.xpi	DEBUG	Ignoring file entry whose name is not a valid add-on ID: C:\Users\admin\AppData\Local\Temp\anonymous4187webdriver-profile\extensions\webdriver-staging
1414179828756	addons.xpi	DEBUG	checkForChanges
1414179829036	addons.xpi	DEBUG	No changes found
*** Blocklist::_preloadBlocklistFile: blocklist is disabled
JavaScript error: chrome://browser/content/urlbarBindings.xml, line 677: aUrl is undefined
1414179867838	addons.manager	DEBUG	shutdown
1414179867844	addons.xpi	DEBUG	shutdown
1414179867844	addons.xpi	DEBUG	Notifying XPI shutdown observers
1414179867855	addons.manager	DEBUG	Async provider shutdown done

Build info: version: '2.34.0', revision: '11cd0ef', time: '2013-08-06 17:10:22'
System info: os.name: 'Windows Vista', os.arch: 'x86', os.version: '6.1', java.version: '1.6.0_04'
Driver info: driver.version: FirefoxDriver
	at org.openqa.selenium.firefox.internal.NewProfileExtensionConnection.start(NewProfileExtensionConnection.java:118)
	at org.openqa.selenium.firefox.FirefoxDriver.startClient(FirefoxDriver.java:251)
	at org.openqa.selenium.remote.RemoteWebDriver.<init>(RemoteWebDriver.java:110)
	at org.openqa.selenium.firefox.FirefoxDriver.<init>(FirefoxDriver.java:197)
	at org.openqa.selenium.firefox.FirefoxDriver.<init>(FirefoxDriver.java:190)
	at org.openqa.selenium.firefox.FirefoxDriver.<init>(FirefoxDriver.java:186)
	at org.openqa.selenium.firefox.FirefoxDriver.<init>(FirefoxDriver.java:99)
	at Browser.Chrome.f(Chrome.java:22)
	at java.util.concurrent.FutureTask$Sync.innerRun(FutureTask.java:303)
	at java.util.concurrent.FutureTask.run(FutureTask.java:138)
	at java.util.concurrent.ThreadPoolExecutor$Worker.runTask(ThreadPoolExecutor.java:885)
	at java.util.concurrent.ThreadPoolExecutor$Worker.run(ThreadPoolExecutor.java:907)
	at java.lang.Thread.run(Thread.java:619)
Caused by: org.openqa.selenium.firefox.NotConnectedException: Unable to connect to host 127.0.0.1 on port 7055 after 45000 ms. Firefox console output:
ddons":{"wrc@avast.com":{"descriptor":"C:\\Program Files\\AVAST Software\\Avast\\WebRep\\FF","mtime":1411625291506,"rdfTime":1411625287933}}},{"name":"app-global","addons":{"{972ce4c6-7e08-4474-a285-3208198ce6fd}":{"descriptor":"C:\\Program Files\\Mozilla Firefox\\browser\\extensions\\{972ce4c6-7e08-4474-a285-3208198ce6fd}","mtime":1411646779820,"rdfTime":1411646778399}}},{"name":"app-profile","addons":{"fxdriver@googlecode.com":{"descriptor":"C:\\Users\\admin\\AppData\\Local\\Temp\\anonymous4187webdriver-profile\\extensions\\fxdriver@googlecode.com","mtime":1414179807837,"rdfTime":1414179805128}}}]
1414179817447	addons.xpi-utils	DEBUG	Opening XPI database C:\Users\admin\AppData\Local\Temp\anonymous4187webdriver-profile\extensions.json
1414179817453	addons.xpi	DEBUG	New add-on fxdriver@googlecode.com installed in app-profile
*** Blocklist::_loadBlocklistFromFile: blocklist is disabled
1414179818040	addons.xpi-utils	DEBUG	Make addon app-profile:fxdriver@googlecode.com visible
1414179818042	DeferredSave.extensions.json	DEBUG	Save changes
1414179818043	DeferredSave.extensions.json	DEBUG	Save changes
1414179818043	addons.xpi	DEBUG	New add-on {972ce4c6-7e08-4474-a285-3208198ce6fd} installed in app-global
1414179818060	addons.xpi-utils	DEBUG	Make addon app-global:{972ce4c6-7e08-4474-a285-3208198ce6fd} visible
1414179818060	DeferredSave.extensions.json	DEBUG	Save changes
1414179818060	DeferredSave.extensions.json	DEBUG	Save changes
1414179818060	addons.xpi	DEBUG	New add-on wrc@avast.com installed in winreg-app-global
1414179818317	addons.xpi-utils	DEBUG	Make addon winreg-app-global:wrc@avast.com visible
1414179818318	DeferredSave.extensions.json	DEBUG	Save changes
1414179818318	DeferredSave.extensions.json	DEBUG	Save changes
1414179818510	addons.xpi	DEBUG	Updating database with changes to installed add-ons
1414179818510	addons.xpi-utils	DEBUG	Updating add-on states
1414179818512	addons.xpi-utils	DEBUG	Writing add-ons list
1414179822362	DeferredSave.extensions.json	DEBUG	Starting timer
1414179822608	DeferredSave.extensions.json	DEBUG	Starting write
1414179822756	addons.manager	DEBUG	shutdown
1414179822892	addons.xpi	DEBUG	shutdown
1414179822893	addons.xpi-utils	DEBUG	shutdown
1414179823107	DeferredSave.extensions.json	DEBUG	Write succeeded
1414179823108	addons.xpi-utils	DEBUG	XPI Database saved, setting schema version preference to 16
1414179823108	addons.xpi	DEBUG	Notifying XPI shutdown observers
1414179823117	addons.manager	DEBUG	Async provider shutdown done
1414179828721	addons.manager	DEBUG	Loaded provider scope for resource://gre/modules/addons/XPIProvider.jsm: ["XPIProvider"]
1414179828725	addons.manager	DEBUG	Loaded provider scope for resource://gre/modules/LightweightThemeManager.jsm: ["LightweightThemeManager"]
1414179828735	addons.xpi	DEBUG	startup
1414179828736	addons.xpi	INFO	Mapping wrc@avast.com to C:\Program Files\AVAST Software\Avast\WebRep\FF
1414179828738	addons.xpi	DEBUG	Skipping unavailable install location app-system-local
1414179828738	addons.xpi	DEBUG	Skipping unavailable install location app-system-share
1414179828750	addons.xpi	INFO	Mapping {972ce4c6-7e08-4474-a285-3208198ce6fd} to C:\Program Files\Mozilla Firefox\browser\extensions\{972ce4c6-7e08-4474-a285-3208198ce6fd}
1414179828755	addons.xpi	INFO	Mapping fxdriver@googlecode.com to C:\Users\admin\AppData\Local\Temp\anonymous4187webdriver-profile\extensions\fxdriver@googlecode.com
1414179828756	addons.xpi	DEBUG	Ignoring file entry whose name is not a valid add-on ID: C:\Users\admin\AppData\Local\Temp\anonymous4187webdriver-profile\extensions\webdriver-staging
1414179828756	addons.xpi	DEBUG	checkForChanges
1414179829036	addons.xpi	DEBUG	No changes found
*** Blocklist::_preloadBlocklistFile: blocklist is disabled
JavaScript error: chrome://browser/content/urlbarBindings.xml, line 677: aUrl is undefined
1414179867838	addons.manager	DEBUG	shutdown
1414179867844	addons.xpi	DEBUG	shutdown
1414179867844	addons.xpi	DEBUG	Notifying XPI shutdown observers
1414179867855	addons.manager	DEBUG	Async provider shutdown done

	at org.openqa.selenium.firefox.internal.NewProfileExtensionConnection.start(NewProfileExtensionConnection.java:106)
	... 28 more
... Removed 16 stack frames]]>
    </failure>
  </testcase> <!-- f -->
</testsuite> <!-- FireFoxTest -->
