<?xml version="1.0" encoding="UTF-8"?>
<!-- Generated by org.testng.reporters.JUnitXMLReporter -->
<testsuite hostname="admin-PC" name="FireFoxTest" tests="1" failures="1" timestamp="27 Oct 2014 20:16:49 GMT" time="80.287" errors="0">
  <testcase name="f" time="80.271" classname="Browser.Chrome">
    <failure type="org.openqa.selenium.WebDriverException" message="Failed to connect to binary FirefoxBinary(C:\Program Files\Mozilla Firefox\firefox.exe) on port 7055; process output follows: 
s&amp;quot;:{&amp;quot;wrc@avast.com&amp;quot;:{&amp;quot;descriptor&amp;quot;:&amp;quot;C:\\Program Files\\AVAST Software\\Avast\\WebRep\\FF&amp;quot;,&amp;quot;mtime&amp;quot;:1411625291506,&amp;quot;rdfTime&amp;quot;:1411625287933}}},{&amp;quot;name&amp;quot;:&amp;quot;app-global&amp;quot;,&amp;quot;addons&amp;quot;:{&amp;quot;{972ce4c6-7e08-4474-a285-3208198ce6fd}&amp;quot;:{&amp;quot;descriptor&amp;quot;:&amp;quot;C:\\Program Files\\Mozilla Firefox\\browser\\extensions\\{972ce4c6-7e08-4474-a285-3208198ce6fd}&amp;quot;,&amp;quot;mtime&amp;quot;:1411646779820,&amp;quot;rdfTime&amp;quot;:1411646778399}}},{&amp;quot;name&amp;quot;:&amp;quot;app-profile&amp;quot;,&amp;quot;addons&amp;quot;:{&amp;quot;fxdriver@googlecode.com&amp;quot;:{&amp;quot;descriptor&amp;quot;:&amp;quot;C:\\Users\\admin\\AppData\\Local\\Temp\\anonymous55383webdriver-profile\\extensions\\fxdriver@googlecode.com&amp;quot;,&amp;quot;mtime&amp;quot;:1414440947365,&amp;quot;rdfTime&amp;quot;:1414440946747}}}]
1414440956193	addons.xpi-utils	DEBUG	Opening XPI database C:\Users\admin\AppData\Local\Temp\anonymous55383webdriver-profile\extensions.json
1414440956198	addons.xpi	DEBUG	New add-on fxdriver@googlecode.com installed in app-profile
*** Blocklist::_loadBlocklistFromFile: blocklist is disabled
1414440957157	addons.xpi-utils	DEBUG	Make addon app-profile:fxdriver@googlecode.com visible
1414440957162	DeferredSave.extensions.json	DEBUG	Save changes
1414440957165	DeferredSave.extensions.json	DEBUG	Save changes
1414440957166	addons.xpi	DEBUG	New add-on {972ce4c6-7e08-4474-a285-3208198ce6fd} installed in app-global
1414440957198	addons.xpi-utils	DEBUG	Make addon app-global:{972ce4c6-7e08-4474-a285-3208198ce6fd} visible
1414440957198	DeferredSave.extensions.json	DEBUG	Save changes
1414440957198	DeferredSave.extensions.json	DEBUG	Save changes
1414440957199	addons.xpi	DEBUG	New add-on wrc@avast.com installed in winreg-app-global
1414440957561	addons.xpi-utils	DEBUG	Make addon winreg-app-global:wrc@avast.com visible
1414440957561	DeferredSave.extensions.json	DEBUG	Save changes
1414440957562	DeferredSave.extensions.json	DEBUG	Save changes
1414440957857	addons.xpi	DEBUG	Updating database with changes to installed add-ons
1414440957857	addons.xpi-utils	DEBUG	Updating add-on states
1414440957860	addons.xpi-utils	DEBUG	Writing add-ons list
1414440961960	DeferredSave.extensions.json	DEBUG	Starting timer
1414440962236	DeferredSave.extensions.json	DEBUG	Starting write
1414440962792	addons.manager	DEBUG	shutdown
1414440963296	addons.xpi	DEBUG	shutdown
1414440963296	addons.xpi-utils	DEBUG	shutdown
1414440963558	DeferredSave.extensions.json	DEBUG	Write succeeded
1414440963559	addons.xpi-utils	DEBUG	XPI Database saved, setting schema version preference to 16
1414440963559	addons.xpi	DEBUG	Notifying XPI shutdown observers
1414440963578	addons.manager	DEBUG	Async provider shutdown done
1414440965910	addons.manager	DEBUG	Loaded provider scope for resource://gre/modules/addons/XPIProvider.jsm: [&amp;quot;XPIProvider&amp;quot;]
1414440965913	addons.manager	DEBUG	Loaded provider scope for resource://gre/modules/LightweightThemeManager.jsm: [&amp;quot;LightweightThemeManager&amp;quot;]
1414440965916	addons.xpi	DEBUG	startup
1414440965918	addons.xpi	INFO	Mapping wrc@avast.com to C:\Program Files\AVAST Software\Avast\WebRep\FF
1414440965919	addons.xpi	DEBUG	Skipping unavailable install location app-system-local
1414440965919	addons.xpi	DEBUG	Skipping unavailable install location app-system-share
1414440965921	addons.xpi	INFO	Mapping {972ce4c6-7e08-4474-a285-3208198ce6fd} to C:\Program Files\Mozilla Firefox\browser\extensions\{972ce4c6-7e08-4474-a285-3208198ce6fd}
1414440965925	addons.xpi	INFO	Mapping fxdriver@googlecode.com to C:\Users\admin\AppData\Local\Temp\anonymous55383webdriver-profile\extensions\fxdriver@googlecode.com
1414440965925	addons.xpi	DEBUG	Ignoring file entry whose name is not a valid add-on ID: C:\Users\admin\AppData\Local\Temp\anonymous55383webdriver-profile\extensions\webdriver-staging
1414440965926	addons.xpi	DEBUG	checkForChanges
1414440966199	addons.xpi	DEBUG	No changes found
*** Blocklist::_preloadBlocklistFile: blocklist is disabled
JavaScript error: chrome://browser/content/urlbarBindings.xml, line 677: aUrl is undefined
1414440987530	addons.manager	DEBUG	shutdown
1414440987535	addons.xpi	DEBUG	shutdown
1414440987536	addons.xpi	DEBUG	Notifying XPI shutdown observers
1414440987600	addons.manager	DEBUG	Async provider shutdown done

Build info: version: &amp;apos;2.34.0&amp;apos;, revision: &amp;apos;11cd0ef&amp;apos;, time: &amp;apos;2013-08-06 17:10:22&amp;apos;
System info: os.name: &amp;apos;Windows Vista&amp;apos;, os.arch: &amp;apos;x86&amp;apos;, os.version: &amp;apos;6.1&amp;apos;, java.version: &amp;apos;1.6.0_04&amp;apos;
Driver info: driver.version: FirefoxDriver">
      <![CDATA[org.openqa.selenium.WebDriverException: Failed to connect to binary FirefoxBinary(C:\Program Files\Mozilla Firefox\firefox.exe) on port 7055; process output follows: 
s":{"wrc@avast.com":{"descriptor":"C:\\Program Files\\AVAST Software\\Avast\\WebRep\\FF","mtime":1411625291506,"rdfTime":1411625287933}}},{"name":"app-global","addons":{"{972ce4c6-7e08-4474-a285-3208198ce6fd}":{"descriptor":"C:\\Program Files\\Mozilla Firefox\\browser\\extensions\\{972ce4c6-7e08-4474-a285-3208198ce6fd}","mtime":1411646779820,"rdfTime":1411646778399}}},{"name":"app-profile","addons":{"fxdriver@googlecode.com":{"descriptor":"C:\\Users\\admin\\AppData\\Local\\Temp\\anonymous55383webdriver-profile\\extensions\\fxdriver@googlecode.com","mtime":1414440947365,"rdfTime":1414440946747}}}]
1414440956193	addons.xpi-utils	DEBUG	Opening XPI database C:\Users\admin\AppData\Local\Temp\anonymous55383webdriver-profile\extensions.json
1414440956198	addons.xpi	DEBUG	New add-on fxdriver@googlecode.com installed in app-profile
*** Blocklist::_loadBlocklistFromFile: blocklist is disabled
1414440957157	addons.xpi-utils	DEBUG	Make addon app-profile:fxdriver@googlecode.com visible
1414440957162	DeferredSave.extensions.json	DEBUG	Save changes
1414440957165	DeferredSave.extensions.json	DEBUG	Save changes
1414440957166	addons.xpi	DEBUG	New add-on {972ce4c6-7e08-4474-a285-3208198ce6fd} installed in app-global
1414440957198	addons.xpi-utils	DEBUG	Make addon app-global:{972ce4c6-7e08-4474-a285-3208198ce6fd} visible
1414440957198	DeferredSave.extensions.json	DEBUG	Save changes
1414440957198	DeferredSave.extensions.json	DEBUG	Save changes
1414440957199	addons.xpi	DEBUG	New add-on wrc@avast.com installed in winreg-app-global
1414440957561	addons.xpi-utils	DEBUG	Make addon winreg-app-global:wrc@avast.com visible
1414440957561	DeferredSave.extensions.json	DEBUG	Save changes
1414440957562	DeferredSave.extensions.json	DEBUG	Save changes
1414440957857	addons.xpi	DEBUG	Updating database with changes to installed add-ons
1414440957857	addons.xpi-utils	DEBUG	Updating add-on states
1414440957860	addons.xpi-utils	DEBUG	Writing add-ons list
1414440961960	DeferredSave.extensions.json	DEBUG	Starting timer
1414440962236	DeferredSave.extensions.json	DEBUG	Starting write
1414440962792	addons.manager	DEBUG	shutdown
1414440963296	addons.xpi	DEBUG	shutdown
1414440963296	addons.xpi-utils	DEBUG	shutdown
1414440963558	DeferredSave.extensions.json	DEBUG	Write succeeded
1414440963559	addons.xpi-utils	DEBUG	XPI Database saved, setting schema version preference to 16
1414440963559	addons.xpi	DEBUG	Notifying XPI shutdown observers
1414440963578	addons.manager	DEBUG	Async provider shutdown done
1414440965910	addons.manager	DEBUG	Loaded provider scope for resource://gre/modules/addons/XPIProvider.jsm: ["XPIProvider"]
1414440965913	addons.manager	DEBUG	Loaded provider scope for resource://gre/modules/LightweightThemeManager.jsm: ["LightweightThemeManager"]
1414440965916	addons.xpi	DEBUG	startup
1414440965918	addons.xpi	INFO	Mapping wrc@avast.com to C:\Program Files\AVAST Software\Avast\WebRep\FF
1414440965919	addons.xpi	DEBUG	Skipping unavailable install location app-system-local
1414440965919	addons.xpi	DEBUG	Skipping unavailable install location app-system-share
1414440965921	addons.xpi	INFO	Mapping {972ce4c6-7e08-4474-a285-3208198ce6fd} to C:\Program Files\Mozilla Firefox\browser\extensions\{972ce4c6-7e08-4474-a285-3208198ce6fd}
1414440965925	addons.xpi	INFO	Mapping fxdriver@googlecode.com to C:\Users\admin\AppData\Local\Temp\anonymous55383webdriver-profile\extensions\fxdriver@googlecode.com
1414440965925	addons.xpi	DEBUG	Ignoring file entry whose name is not a valid add-on ID: C:\Users\admin\AppData\Local\Temp\anonymous55383webdriver-profile\extensions\webdriver-staging
1414440965926	addons.xpi	DEBUG	checkForChanges
1414440966199	addons.xpi	DEBUG	No changes found
*** Blocklist::_preloadBlocklistFile: blocklist is disabled
JavaScript error: chrome://browser/content/urlbarBindings.xml, line 677: aUrl is undefined
1414440987530	addons.manager	DEBUG	shutdown
1414440987535	addons.xpi	DEBUG	shutdown
1414440987536	addons.xpi	DEBUG	Notifying XPI shutdown observers
1414440987600	addons.manager	DEBUG	Async provider shutdown done

Build info: version: '2.34.0', revision: '11cd0ef', time: '2013-08-06 17:10:22'
System info: os.name: 'Windows Vista', os.arch: 'x86', os.version: '6.1', java.version: '1.6.0_04'
Driver info: driver.version: FirefoxDriver
	at org.openqa.selenium.firefox.internal.NewProfileExtensionConnection.start(NewProfileExtensionConnection.java:118)
	at org.openqa.selenium.firefox.FirefoxDriver.startClient(FirefoxDriver.java:251)
	at org.openqa.selenium.remote.RemoteWebDriver.<init>(RemoteWebDriver.java:110)
	at org.openqa.selenium.firefox.FirefoxDriver.<init>(FirefoxDriver.java:197)
	at org.openqa.selenium.firefox.FirefoxDriver.<init>(FirefoxDriver.java:190)
	at org.openqa.selenium.firefox.FirefoxDriver.<init>(FirefoxDriver.java:186)
	at org.openqa.selenium.firefox.FirefoxDriver.<init>(FirefoxDriver.java:99)
	at Browser.Chrome.f(Chrome.java:26)
	at java.util.concurrent.FutureTask$Sync.innerRun(FutureTask.java:303)
	at java.util.concurrent.FutureTask.run(FutureTask.java:138)
	at java.util.concurrent.ThreadPoolExecutor$Worker.runTask(ThreadPoolExecutor.java:885)
	at java.util.concurrent.ThreadPoolExecutor$Worker.run(ThreadPoolExecutor.java:907)
	at java.lang.Thread.run(Thread.java:619)
Caused by: org.openqa.selenium.firefox.NotConnectedException: Unable to connect to host 127.0.0.1 on port 7055 after 45000 ms. Firefox console output:
s":{"wrc@avast.com":{"descriptor":"C:\\Program Files\\AVAST Software\\Avast\\WebRep\\FF","mtime":1411625291506,"rdfTime":1411625287933}}},{"name":"app-global","addons":{"{972ce4c6-7e08-4474-a285-3208198ce6fd}":{"descriptor":"C:\\Program Files\\Mozilla Firefox\\browser\\extensions\\{972ce4c6-7e08-4474-a285-3208198ce6fd}","mtime":1411646779820,"rdfTime":1411646778399}}},{"name":"app-profile","addons":{"fxdriver@googlecode.com":{"descriptor":"C:\\Users\\admin\\AppData\\Local\\Temp\\anonymous55383webdriver-profile\\extensions\\fxdriver@googlecode.com","mtime":1414440947365,"rdfTime":1414440946747}}}]
1414440956193	addons.xpi-utils	DEBUG	Opening XPI database C:\Users\admin\AppData\Local\Temp\anonymous55383webdriver-profile\extensions.json
1414440956198	addons.xpi	DEBUG	New add-on fxdriver@googlecode.com installed in app-profile
*** Blocklist::_loadBlocklistFromFile: blocklist is disabled
1414440957157	addons.xpi-utils	DEBUG	Make addon app-profile:fxdriver@googlecode.com visible
1414440957162	DeferredSave.extensions.json	DEBUG	Save changes
1414440957165	DeferredSave.extensions.json	DEBUG	Save changes
1414440957166	addons.xpi	DEBUG	New add-on {972ce4c6-7e08-4474-a285-3208198ce6fd} installed in app-global
1414440957198	addons.xpi-utils	DEBUG	Make addon app-global:{972ce4c6-7e08-4474-a285-3208198ce6fd} visible
1414440957198	DeferredSave.extensions.json	DEBUG	Save changes
1414440957198	DeferredSave.extensions.json	DEBUG	Save changes
1414440957199	addons.xpi	DEBUG	New add-on wrc@avast.com installed in winreg-app-global
1414440957561	addons.xpi-utils	DEBUG	Make addon winreg-app-global:wrc@avast.com visible
1414440957561	DeferredSave.extensions.json	DEBUG	Save changes
1414440957562	DeferredSave.extensions.json	DEBUG	Save changes
1414440957857	addons.xpi	DEBUG	Updating database with changes to installed add-ons
1414440957857	addons.xpi-utils	DEBUG	Updating add-on states
1414440957860	addons.xpi-utils	DEBUG	Writing add-ons list
1414440961960	DeferredSave.extensions.json	DEBUG	Starting timer
1414440962236	DeferredSave.extensions.json	DEBUG	Starting write
1414440962792	addons.manager	DEBUG	shutdown
1414440963296	addons.xpi	DEBUG	shutdown
1414440963296	addons.xpi-utils	DEBUG	shutdown
1414440963558	DeferredSave.extensions.json	DEBUG	Write succeeded
1414440963559	addons.xpi-utils	DEBUG	XPI Database saved, setting schema version preference to 16
1414440963559	addons.xpi	DEBUG	Notifying XPI shutdown observers
1414440963578	addons.manager	DEBUG	Async provider shutdown done
1414440965910	addons.manager	DEBUG	Loaded provider scope for resource://gre/modules/addons/XPIProvider.jsm: ["XPIProvider"]
1414440965913	addons.manager	DEBUG	Loaded provider scope for resource://gre/modules/LightweightThemeManager.jsm: ["LightweightThemeManager"]
1414440965916	addons.xpi	DEBUG	startup
1414440965918	addons.xpi	INFO	Mapping wrc@avast.com to C:\Program Files\AVAST Software\Avast\WebRep\FF
1414440965919	addons.xpi	DEBUG	Skipping unavailable install location app-system-local
1414440965919	addons.xpi	DEBUG	Skipping unavailable install location app-system-share
1414440965921	addons.xpi	INFO	Mapping {972ce4c6-7e08-4474-a285-3208198ce6fd} to C:\Program Files\Mozilla Firefox\browser\extensions\{972ce4c6-7e08-4474-a285-3208198ce6fd}
1414440965925	addons.xpi	INFO	Mapping fxdriver@googlecode.com to C:\Users\admin\AppData\Local\Temp\anonymous55383webdriver-profile\extensions\fxdriver@googlecode.com
1414440965925	addons.xpi	DEBUG	Ignoring file entry whose name is not a valid add-on ID: C:\Users\admin\AppData\Local\Temp\anonymous55383webdriver-profile\extensions\webdriver-staging
1414440965926	addons.xpi	DEBUG	checkForChanges
1414440966199	addons.xpi	DEBUG	No changes found
*** Blocklist::_preloadBlocklistFile: blocklist is disabled
JavaScript error: chrome://browser/content/urlbarBindings.xml, line 677: aUrl is undefined
1414440987530	addons.manager	DEBUG	shutdown
1414440987535	addons.xpi	DEBUG	shutdown
1414440987536	addons.xpi	DEBUG	Notifying XPI shutdown observers
1414440987600	addons.manager	DEBUG	Async provider shutdown done

	at org.openqa.selenium.firefox.internal.NewProfileExtensionConnection.start(NewProfileExtensionConnection.java:106)
	... 28 more
... Removed 16 stack frames]]>
    </failure>
  </testcase> <!-- f -->
</testsuite> <!-- FireFoxTest -->
